TN:
SF:/Users/shenghu/playground/rust-calculator/src/calculator.rs
FN:43,<impl Display for CalculatorError>::fmt
FN:69,Calculator::validate_input
FN:103,Calculator::safe_parse_number
FN:117,Calculator::new
FN:139,Calculator::evaluate
FN:205,Calculator::extract_operands_safe
FN:234,Calculator::extract_operands
FN:259,Calculator::find_number_start
FN:269,Calculator::find_number_end
FN:279,Calculator::replace_operation
FN:300,Calculator::evaluate_add_sub_safe
FN:341,Calculator::evaluate_add_sub
FN:390,Calculator::calculate
FNF:13
FNDA:10,<impl Display for CalculatorError>::fmt
FNDA:102,Calculator::validate_input
FNDA:260,Calculator::safe_parse_number
FNDA:182,Calculator::new
FNDA:84,Calculator::evaluate
FNDA:58,Calculator::extract_operands_safe
FNDA:6,Calculator::extract_operands
FNDA:130,Calculator::find_number_start
FNDA:130,Calculator::find_number_end
FNDA:56,Calculator::replace_operation
FNDA:58,Calculator::evaluate_add_sub_safe
FNDA:12,Calculator::evaluate_add_sub
FNDA:28,Calculator::calculate
DA:43,10
DA:44,10
DA:45,12
DA:46,0
DA:47,0
DA:48,6
DA:49,8
DA:50,8
DA:69,102
DA:71,102
DA:72,4
DA:76,294
DA:78,710
DA:79,68
DA:80,612
DA:81,476
DA:86,98
DA:87,8
DA:88,16
DA:92,90
DA:103,260
DA:104,514
DA:106,278
DA:109,508
DA:110,6
DA:113,248
DA:117,182
DA:119,546
DA:120,182
DA:139,84
DA:141,88
DA:142,4
DA:145,236
DA:146,10
DA:150,210
DA:151,40
DA:155,174
DA:157,216
DA:158,140
DA:159,128
DA:160,96
DA:161,96
DA:162,160
DA:163,32
DA:165,0
DA:166,0
DA:168,76
DA:169,0
DA:170,0
DA:171,0
DA:172,0
DA:174,0
DA:175,0
DA:176,0
DA:178,0
DA:179,0
DA:181,98
DA:182,88
DA:183,44
DA:184,22
DA:185,4
DA:187,36
DA:188,90
DA:189,18
DA:191,0
DA:192,0
DA:195,104
DA:196,54
DA:201,162
DA:205,58
DA:211,116
DA:213,692
DA:215,174
DA:217,116
DA:218,174
DA:221,232
DA:222,116
DA:225,232
DA:226,116
DA:228,174
DA:229,168
DA:230,56
DA:234,6
DA:236,12
DA:238,76
DA:240,18
DA:242,12
DA:243,18
DA:246,24
DA:247,12
DA:250,24
DA:251,12
DA:253,24
DA:254,24
DA:255,6
DA:259,130
DA:260,1040
DA:261,338
DA:262,136
DA:265,62
DA:269,130
DA:270,866
DA:271,304
DA:272,60
DA:275,140
DA:279,56
DA:281,112
DA:283,684
DA:285,168
DA:287,112
DA:288,168
DA:290,224
DA:291,224
DA:293,112
DA:294,112
DA:296,224
DA:300,58
DA:301,116
DA:302,116
DA:303,116
DA:305,454
DA:306,1024
DA:307,544
DA:308,356
DA:309,66
DA:310,248
DA:311,62
DA:312,56
DA:313,6
DA:314,0
DA:316,124
DA:318,66
DA:323,58
DA:324,232
DA:325,58
DA:326,46
DA:327,12
DA:328,0
DA:333,116
DA:334,0
DA:337,58
DA:341,12
DA:342,24
DA:343,24
DA:344,24
DA:346,110
DA:347,262
DA:348,148
DA:349,92
DA:350,12
DA:351,36
DA:353,12
DA:354,12
DA:355,12
DA:356,0
DA:357,0
DA:359,24
DA:361,12
DA:366,12
DA:367,36
DA:369,12
DA:370,12
DA:371,6
DA:372,6
DA:373,0
DA:377,12
DA:390,28
DA:391,28
DA:392,6
DA:393,4
DA:394,8
DA:396,10
DA:397,6
DA:399,4
LF:174
LH:153
end_of_record
TN:
SF:/Users/shenghu/playground/rust-calculator/src/display.rs
FN:5,Calculator::format_large_numbers
FN:54,Calculator::display_string
FN:64,Calculator::add_parentheses_to_negative_operands
FNF:3
FNDA:52,Calculator::format_large_numbers
FNDA:38,Calculator::display_string
FNDA:38,Calculator::add_parentheses_to_negative_operands
DA:5,52
DA:6,104
DA:7,260
DA:8,104
DA:9,320
DA:10,216
DA:11,216
DA:12,50
DA:13,114
DA:15,144
DA:16,72
DA:17,1020
DA:18,924
DA:19,924
DA:20,40
DA:21,30
DA:22,4
DA:23,4
DA:26,438
DA:28,432
DA:29,144
DA:30,72
DA:31,62
DA:32,56
DA:34,48
DA:36,112
DA:39,0
DA:42,108
DA:43,36
DA:46,52
DA:54,38
DA:56,152
DA:59,114
DA:64,38
DA:65,76
DA:66,190
DA:67,76
DA:69,436
DA:70,360
DA:73,588
DA:74,44
DA:75,22
DA:77,36
DA:78,24
DA:79,36
DA:80,12
DA:83,48
DA:84,28
DA:85,48
DA:86,36
DA:87,12
DA:89,2
DA:92,24
DA:93,12
DA:97,504
DA:98,168
DA:101,38
LF:57
LH:56
end_of_record
TN:
SF:/Users/shenghu/playground/rust-calculator/src/input.rs
FN:5,Calculator::handle_number_input
FN:29,Calculator::handle_operation_input
FN:50,Calculator::handle_equals_input
FN:78,Calculator::handle_decimal_input
FN:104,Calculator::handle_backspace_input
FN:138,Calculator::extract_last_number
FN:147,Calculator::extract_current_number
FN:156,Calculator::handle_percentage_input
FN:171,Calculator::handle_sign_toggle_input
FN:205,Calculator::find_last_operator_position
FN:227,Calculator::handle_clear_input
FNF:11
FNDA:84,Calculator::handle_number_input
FNDA:40,Calculator::handle_operation_input
FNDA:12,Calculator::handle_equals_input
FNDA:16,Calculator::handle_decimal_input
FNDA:18,Calculator::handle_backspace_input
FNDA:10,Calculator::extract_last_number
FNDA:18,Calculator::extract_current_number
FNDA:10,Calculator::handle_percentage_input
FNDA:18,Calculator::handle_sign_toggle_input
FNDA:8,Calculator::find_last_operator_position
FNDA:40,Calculator::handle_clear_input
DA:5,84
DA:6,86
DA:7,8
DA:8,6
DA:9,2
DA:10,246
DA:12,0
DA:13,0
DA:14,0
DA:15,100
DA:16,72
DA:17,54
DA:18,18
DA:19,132
DA:20,200
DA:21,100
DA:23,56
DA:24,42
DA:29,40
DA:30,40
DA:31,2
DA:33,76
DA:34,26
DA:35,4
DA:36,4
DA:37,4
DA:40,76
DA:41,114
DA:43,6
DA:45,114
DA:46,38
DA:50,12
DA:51,12
DA:52,2
DA:54,20
DA:55,8
DA:57,26
DA:58,0
DA:61,24
DA:62,8
DA:63,8
DA:64,8
DA:65,8
DA:67,24
DA:68,8
DA:70,4
DA:71,8
DA:72,4
DA:78,16
DA:79,18
DA:80,8
DA:81,6
DA:82,2
DA:83,48
DA:85,0
DA:86,0
DA:87,0
DA:88,18
DA:89,16
DA:90,12
DA:91,4
DA:92,18
DA:93,16
DA:94,8
DA:95,14
DA:97,12
DA:98,4
DA:104,18
DA:105,20
DA:106,8
DA:107,6
DA:108,2
DA:109,18
DA:111,48
DA:114,38
DA:116,6
DA:117,2
DA:120,30
DA:121,22
DA:122,6
DA:123,2
DA:125,8
DA:128,6
DA:131,8
DA:132,6
DA:133,2
DA:138,10
DA:139,144
DA:140,8
DA:142,12
DA:147,18
DA:148,194
DA:149,16
DA:151,20
DA:156,10
DA:157,16
DA:158,12
DA:159,18
DA:161,6
DA:162,0
DA:163,0
DA:165,12
DA:171,18
DA:172,32
DA:173,28
DA:175,28
DA:176,8
DA:178,20
DA:183,88
DA:186,16
DA:190,28
DA:191,24
DA:192,12
DA:196,24
DA:197,6
DA:205,8
DA:206,40
DA:207,16
DA:208,20
DA:209,36
DA:210,54
DA:212,20
DA:213,8
DA:214,8
DA:215,10
DA:217,6
DA:221,12
DA:223,2
DA:227,40
DA:228,120
DA:229,120
DA:230,40
LF:132
LH:123
end_of_record
TN:
SF:/Users/shenghu/playground/rust-calculator/src/main.rs
FN:35,main
FN:49,Calculator::update
FN:128,Calculator::keyboard_to_message
FN:162,Calculator::subscription
FN:189,Calculator::resolve_key_combination
FN:219,Calculator::is_key_pressed
FN:223,Calculator::view
FN:390,number_button
FN:420,operator_button
FN:450,function_button
FNF:10
FNDA:0,main
FNDA:0,Calculator::update
FNDA:0,Calculator::keyboard_to_message
FNDA:0,Calculator::subscription
FNDA:0,Calculator::resolve_key_combination
FNDA:0,Calculator::is_key_pressed
FNDA:0,Calculator::view
FNDA:0,number_button
FNDA:0,operator_button
FNDA:0,function_button
DA:8,0
DA:35,0
DA:36,0
DA:37,0
DA:38,0
DA:39,0
DA:40,0
DA:41,0
DA:42,0
DA:44,0
DA:49,0
DA:50,0
DA:51,0
DA:53,0
DA:56,0
DA:58,0
DA:60,0
DA:63,0
DA:65,0
DA:68,0
DA:71,0
DA:73,0
DA:75,0
DA:78,0
DA:80,0
DA:82,0
DA:84,0
DA:87,0
DA:89,0
DA:94,0
DA:95,0
DA:96,0
DA:97,0
DA:98,0
DA:99,0
DA:100,0
DA:101,0
DA:102,0
DA:111,0
DA:113,0
DA:115,0
DA:116,0
DA:117,0
DA:118,0
DA:121,0
DA:128,0
DA:129,0
DA:131,0
DA:132,0
DA:133,0
DA:134,0
DA:135,0
DA:136,0
DA:137,0
DA:138,0
DA:139,0
DA:140,0
DA:141,0
DA:142,0
DA:143,0
DA:144,0
DA:145,0
DA:146,0
DA:147,0
DA:148,0
DA:149,0
DA:152,0
DA:153,0
DA:154,0
DA:155,0
DA:156,0
DA:158,0
DA:162,0
DA:163,0
DA:164,0
DA:166,0
DA:169,0
DA:171,0
DA:172,0
DA:173,0
DA:177,0
DA:180,0
DA:182,0
DA:184,0
DA:189,0
DA:194,0
DA:196,0
DA:197,0
DA:200,0
DA:201,0
DA:204,0
DA:205,0
DA:208,0
DA:211,0
DA:214,0
DA:219,0
DA:220,0
DA:223,0
DA:225,0
DA:227,0
DA:231,0
DA:232,0
DA:233,0
DA:235,0
DA:236,0
DA:237,0
DA:239,0
DA:242,0
DA:243,0
DA:245,0
DA:248,0
DA:250,0
DA:251,0
DA:252,0
DA:253,0
DA:254,0
DA:256,0
DA:257,0
DA:258,0
DA:259,0
DA:261,0
DA:262,0
DA:263,0
DA:264,0
DA:266,0
DA:267,0
DA:268,0
DA:269,0
DA:272,0
DA:274,0
DA:275,0
DA:276,0
DA:277,0
DA:278,0
DA:280,0
DA:281,0
DA:282,0
DA:283,0
DA:285,0
DA:286,0
DA:287,0
DA:288,0
DA:290,0
DA:291,0
DA:292,0
DA:293,0
DA:294,0
DA:297,0
DA:299,0
DA:300,0
DA:301,0
DA:302,0
DA:303,0
DA:305,0
DA:306,0
DA:307,0
DA:308,0
DA:310,0
DA:311,0
DA:312,0
DA:313,0
DA:315,0
DA:316,0
DA:317,0
DA:318,0
DA:321,0
DA:323,0
DA:324,0
DA:325,0
DA:326,0
DA:327,0
DA:329,0
DA:330,0
DA:331,0
DA:332,0
DA:334,0
DA:335,0
DA:336,0
DA:337,0
DA:339,0
DA:340,0
DA:341,0
DA:342,0
DA:345,0
DA:347,0
DA:348,0
DA:349,0
DA:350,0
DA:351,0
DA:353,0
DA:354,0
DA:355,0
DA:356,0
DA:358,0
DA:359,0
DA:360,0
DA:361,0
DA:363,0
DA:364,0
DA:365,0
DA:366,0
DA:369,0
DA:372,0
DA:373,0
DA:376,0
DA:378,0
DA:380,0
DA:381,0
DA:382,0
DA:390,0
DA:391,0
DA:392,0
DA:394,0
DA:398,0
DA:399,0
DA:400,0
DA:401,0
DA:403,0
DA:407,0
DA:408,0
DA:409,0
DA:410,0
DA:411,0
DA:412,0
DA:413,0
DA:415,0
DA:420,0
DA:421,0
DA:422,0
DA:424,0
DA:428,0
DA:429,0
DA:430,0
DA:431,0
DA:433,0
DA:437,0
DA:438,0
DA:439,0
DA:440,0
DA:441,0
DA:442,0
DA:443,0
DA:445,0
DA:450,0
DA:451,0
DA:452,0
DA:454,0
DA:458,0
DA:459,0
DA:460,0
DA:461,0
DA:463,0
DA:467,0
DA:468,0
DA:469,0
DA:470,0
DA:471,0
DA:472,0
DA:473,0
DA:475,0
LF:260
LH:0
end_of_record
TN:
SF:/Users/shenghu/playground/rust-calculator/src/ui.rs
FN:36,CalculatorUIState::new
FN:45,CalculatorUIState::process_message
FN:87,CalculatorUIState::should_scroll
FN:93,<impl Default for CalculatorUIState>::default
FNF:4
FNDA:16,CalculatorUIState::new
FNDA:36,CalculatorUIState::process_message
FNDA:10,CalculatorUIState::should_scroll
FNDA:0,<impl Default for CalculatorUIState>::default
DA:36,16
DA:38,16
DA:45,36
DA:46,108
DA:48,36
DA:49,20
DA:50,20
DA:52,2
DA:53,2
DA:55,12
DA:56,12
DA:58,6
DA:59,6
DA:61,2
DA:62,2
DA:64,6
DA:65,6
DA:67,2
DA:68,2
DA:70,2
DA:71,2
DA:75,108
DA:78,36
DA:79,14
DA:81,22
DA:87,10
DA:88,10
DA:93,0
DA:94,0
LF:29
LH:27
end_of_record
